19:50:59  📥  Input length: 8,100 characters
19:50:59  🔍  Input looks like Base64 — attempting decode…
19:50:59    ✔  Base64 → 6,075 bytes
19:50:59  🔍  Magic bytes: ZSTD stream detected
19:50:59    ⚙  Trying zstd decompression…
19:50:59    ✔  [zstd] Success → 69,479 bytes
19:50:59    🎯  Type: JSON — pretty-printing…
19:50:59  ✅  Decode pipeline complete.
19:59:54  📥  Input length: 8,100 characters
19:59:54  🔍  Input looks like Base64 — attempting decode…
19:59:54    ✔  Base64 → 6,075 bytes
19:59:54  🔍  Magic bytes: ZSTD stream detected
19:59:54    ⚙  Trying zstd decompression…
19:59:54    ✔  [zstd] Success → 69,479 bytes
19:59:55    🎯  Type: JSON — pretty-printing…
19:59:55  ✅  Decode pipeline complete.
20:06:49  ──────────────────────────────────────────────────────────
20:06:49  ▶  Starting encode  (algorithm: ZLIB)
20:06:49    ✔  Valid JSON — minified to 69,479 chars
20:06:49    ✔  Raw bytes: 69,479
20:06:49    ✔  Compressed (zlib): 4,725 bytes
20:06:49    ✔  Base64 encoded: 6,300 chars
20:06:49    📊  Compression ratio: 6.8% of original
20:06:49  ✅  Encode complete.
20:07:08  📥  Input length: 6,300 characters
20:07:08  🔍  Input looks like Base64 — attempting decode…
20:07:08    ✔  Base64 → 4,725 bytes
20:07:08  🔍  Magic bytes: 78daed5d6d73a338  (unknown)
20:07:08    ⚙  Trying zstd decompression…
20:07:08    ✘  [zstd] error determining content size from frame header
20:07:08    ⚙  Trying gzip decompression…
20:07:08    ✘  [gzip] Not a gzipped file (b'x\xda')
20:07:08    ⚙  Trying zlib decompression…
20:07:08    ✔  [zlib] Success → 69,479 bytes
20:07:08    🎯  Type: JSON — pretty-printing (with nested expansion)…
20:07:08  ✅  Decode pipeline complete.
20:23:10  ──────────────────────────────────────────────────────────
20:23:10  ▶  Starting encode  (algorithm: ZLIB)
20:23:10    ✔  Valid JSON — minified to 1,272 chars
20:23:10    ✔  Raw bytes: 1,272
20:23:10    ✔  Compressed (zlib): 525 bytes
20:23:10    ✔  Base64 encoded: 700 chars
20:23:10    📊  Compression ratio: 41.3% of original
20:23:10  ✅  Encode complete.
20:25:34  📥  Input length: 3,152 characters
20:25:34  🔍  Input looks like Base64 — attempting decode…
20:25:34    ✔  Base64 → 2,363 bytes
20:25:34  🔍  Magic bytes: ZSTD stream detected
20:25:34    ⚙  Trying zstd decompression…
20:25:34    ✔  [zstd] Success → 9,377 bytes
20:25:34    🎯  Type: JSON — pretty-printing (with nested expansion)…
20:25:34  ✅  Decode pipeline complete.
20:28:54  ──────────────────────────────────────────────────────────
20:28:54  ▶  Starting encode  (algorithm: ZLIB)
20:28:54    ✔  Valid JSON — minified to 632 chars
20:28:54    ✔  Raw bytes: 632
20:28:54    ✔  Compressed (zlib): 361 bytes
20:28:54    ✔  Base64 encoded: 484 chars
20:28:54    📊  Compression ratio: 57.1% of original
20:28:54  ✅  Encode complete.
20:29:04  ──────────────────────────────────────────────────────────
20:29:04  ▶  Starting encode  (algorithm: ZLIB)
20:29:04    ✔  Valid JSON — minified to 632 chars
20:29:04    ✔  Raw bytes: 632
20:29:04    ✔  Compressed (zlib): 361 bytes
20:29:04    ✔  Base64 encoded: 484 chars
20:29:04    📊  Compression ratio: 57.1% of original
20:29:04  ✅  Encode complete.
20:30:00  📥  Input length: 484 characters
20:30:00  🔍  Input looks like Base64 — attempting decode…
20:30:00    ✔  Base64 → 361 bytes
20:30:00  🔍  Magic bytes: 78da6d525d4fc230  (unknown)
20:30:00    ⚙  Trying zstd decompression…
20:30:00    ✘  [zstd] error determining content size from frame header
20:30:00    ⚙  Trying gzip decompression…
20:30:00    ✘  [gzip] Not a gzipped file (b'x\xda')
20:30:00    ⚙  Trying zlib decompression…
20:30:00    ✔  [zlib] Success → 632 bytes
20:30:00    🎯  Type: JSON — pretty-printing (with nested expansion)…
20:30:00  ✅  Decode pipeline complete.
20:30:12  ──────────────────────────────────────────────────────────
20:30:12  ▶  Starting encode  (algorithm: ZLIB)
20:30:12    ✔  Valid JSON — minified to 632 chars
20:30:12    ✔  Raw bytes: 632
20:30:12    ✔  Compressed (zlib): 361 bytes
20:30:12    ✔  Base64 encoded: 484 chars
20:30:12    📊  Compression ratio: 57.1% of original
20:30:12  ✅  Encode complete.
20:35:13  ──────────────────────────────────────────────────────────
20:35:13  ▶  Starting encode  (algorithm: ZLIB)
20:35:13    ✔  Valid JSON — minified to 59,918 chars
20:35:13    ✔  Raw bytes: 59,918
20:35:13    ✔  Compressed (zlib): 4,511 bytes
20:35:13    ✔  Base64 encoded: 6,016 chars
20:35:14    📊  Compression ratio: 7.5% of original
20:35:14  ✅  Encode complete.
20:36:05  📥  Input length: 6,016 characters
20:36:05  🔍  Input looks like Base64 — attempting decode…
20:36:05    ✔  Base64 → 4,511 bytes
20:36:05  🔍  Magic bytes: 78daed5d5b73da48  (unknown)
20:36:05    ⚙  Trying zstd decompression…
20:36:05    ✘  [zstd] error determining content size from frame header
20:36:05    ⚙  Trying gzip decompression…
20:36:05    ✘  [gzip] Not a gzipped file (b'x\xda')
20:36:05    ⚙  Trying zlib decompression…
20:36:05    ✔  [zlib] Success → 59,918 bytes
20:36:05    🎯  Type: JSON — pretty-printing (with nested expansion)…
20:36:05  ✅  Decode pipeline complete.
21:32:12  📥  Input length: 6,016 characters
21:32:12  🔍  Input looks like Base64 — attempting decode…
21:32:12    ✔  Base64 → 4,511 bytes
21:32:12  🔍  Magic bytes: 78daed5d5b73da48  (unknown)
21:32:12    ⚙  Trying zstd decompression…
21:32:12    ✘  [zstd] error determining content size from frame header
21:32:12    ⚙  Trying gzip decompression…
21:32:12    ✘  [gzip] Not a gzipped file (b'x\xda')
21:32:12    ⚙  Trying zlib decompression…
21:32:12    ✔  [zlib] Success → 59,918 bytes
21:32:12    🎯  Type: JSON — pretty-printing (with nested expansion)…
21:32:12  ✅  Decode pipeline complete.
12:12:20  📥  Input length: 16,200 characters
12:12:20  🔍  Input looks like Base64 — attempting decode…
12:12:20    ✔  Base64 → 12,150 bytes
12:12:20  🔍  Magic bytes: ZSTD stream detected
12:12:20    ⚙  Trying zstd decompression…
12:12:20    ✔  [zstd] Success → 69,479 bytes
12:12:20    🎯  Type: JSON — pretty-printing (with nested expansion)…
12:12:20  ✅  Decode pipeline complete.
12:15:32  ──────────────────────────────────────────────────────────
12:15:32  ▶  Starting encode  (algorithm: ZLIB)
12:15:32    ✔  Valid JSON — minified to 59,918 chars
12:15:32    ✔  Raw bytes: 59,918
12:15:32    ✔  Compressed (zlib): 4,511 bytes
12:15:32    ✔  Base64 encoded: 6,016 chars
12:15:32    📊  Compression ratio: 7.5% of original
12:15:32  ✅  Encode complete.
12:16:40  📥  Input length: 6,016 characters
12:16:40  🔍  Input looks like Base64 — attempting decode…
12:16:40    ✔  Base64 → 4,511 bytes
12:16:40  🔍  Magic bytes: 78daed5d5b73da48  (unknown)
12:16:40    ⚙  Trying zstd decompression…
12:16:40    ✘  [zstd] error determining content size from frame header
12:16:40    ⚙  Trying gzip decompression…
12:16:40    ✘  [gzip] Not a gzipped file (b'x\xda')
12:16:40    ⚙  Trying zlib decompression…
12:16:40    ✔  [zlib] Success → 59,918 bytes
12:16:40    🎯  Type: JSON — pretty-printing (with nested expansion)…
12:16:40  ✅  Decode pipeline complete.
12:28:53  📥  Input length: 8,100 characters
12:28:53  🔍  Input looks like Base64 — attempting decode…
12:28:53    ✔  Base64 → 6,075 bytes
12:28:53  🔍  Magic bytes: ZSTD stream detected
12:28:53    ⚙  Trying zstd decompression…
12:28:54    ✔  [zstd] Success → 69,479 bytes
12:28:54    🎯  Type: JSON — pretty-printing (with nested expansion)…
12:28:54  ✅  Decode pipeline complete.
12:29:20  ──────────────────────────────────────────────────────────
12:29:20  ▶  Starting encode  (algorithm: ZSTD)
12:29:20    ✔  Valid JSON — minified to 69,479 chars
12:29:20    ✔  Raw bytes: 69,479
12:29:20    ✔  Compressed (zstd): 4,237 bytes
12:29:20    ✔  Base64 encoded: 5,652 chars
12:29:20    📊  Compression ratio: 6.1% of original
12:29:20  ✅  Encode complete.
12:31:00  ──────────────────────────────────────────────────────────
12:31:00  ▶  Starting encode  (algorithm: ZSTD)
12:31:00    ✔  Valid JSON — minified to 69,479 chars
12:31:00    ✔  Raw bytes: 69,479
12:31:00    ✔  Compressed (zstd): 4,237 bytes
12:31:00    ✔  Base64 encoded: 5,652 chars
12:31:00    📊  Compression ratio: 6.1% of original
12:31:00  ✅  Encode complete.
12:38:45  📥  Input length: 8,100 characters
12:38:45  🔍  Input looks like Base64 — attempting decode…
12:38:45    ✔  Base64 → 6,075 bytes
12:38:45  🔍  Magic bytes: ZSTD stream detected
12:38:45    ⚙  Trying zstd decompression…
12:38:45    ✔  [zstd] Success → 69,479 bytes
12:38:45    🎯  Type: JSON — pretty-printing (with nested expansion)…
12:38:45  ✅  Decode pipeline complete.
12:38:52  ──────────────────────────────────────────────────────────
12:38:52  ▶  Starting encode  (algorithm: ZSTD)
12:38:52    ✔  Valid JSON — minified to 69,479 chars
12:38:52    🔄  JSON unchanged from original — reusing original encoded string
12:38:52    ✔  Original encoded string: 8,100 chars
12:38:52  ✅  Encode complete (exact roundtrip).
12:47:55  ──────────────────────────────────────────────────────────
12:47:55  ▶  Starting encode  (algorithm: ZSTD)
12:47:55    ✔  Valid JSON — minified to 734 chars
12:47:55    ✔  Raw bytes: 734
12:47:55    ✔  Compressed (zstd): 407 bytes
12:47:55    ✔  Base64 encoded: 544 chars
12:47:55    📊  Compression ratio: 55.4% of original
12:47:55  ✅  Encode complete.
12:52:53  📥  Input length: 432 characters
12:52:53  🔍  Input looks like Base64 — attempting decode…
12:52:53    ✔  Base64 → 322 bytes
12:52:53  🔍  Magic bytes: ZSTD stream detected
12:52:53    ⚙  Trying zstd decompression…
12:52:53    ✔  [zstd] Success → 739 bytes
12:52:53    🎯  Type: JSON — pretty-printing (with nested expansion)…
12:52:53  ✅  Decode pipeline complete.
12:55:08  ──────────────────────────────────────────────────────────
12:55:08  ▶  Starting encode  (algorithm: ZSTD)
12:55:08    ✔  Valid JSON — minified to 736 chars
12:55:08    ✔  Raw bytes: 736
12:55:08    ✔  Compressed (zstd): 410 bytes
12:55:08    ✔  Base64 encoded: 548 chars
12:55:08    📊  Compression ratio: 55.7% of original
12:55:08  ✅  Encode complete.
12:55:15  📥  Input length: 548 characters
12:55:15  🔍  Input looks like Base64 — attempting decode…
12:55:15    ✔  Base64 → 410 bytes
12:55:15  🔍  Magic bytes: ZSTD stream detected
12:55:15    ⚙  Trying zstd decompression…
12:55:15    ✔  [zstd] Success → 736 bytes
12:55:15    🎯  Type: JSON — pretty-printing (with nested expansion)…
12:55:15  ✅  Decode pipeline complete.
15:15:33  📥  Input length: 548 characters
15:15:33  🔍  Input looks like Base64 — attempting decode…
15:15:33    ✔  Base64 → 410 bytes
15:15:33  🔍  Magic bytes: ZSTD stream detected
15:15:33    ⚙  Trying zstd decompression…
15:15:33    ✔  [zstd] Success → 736 bytes
15:15:33    🎯  Type: JSON — pretty-printing (with nested expansion)…
15:15:33  ✅  Decode pipeline complete.
15:32:46  📥  Input length: 8,100 characters
15:32:46  🔍  Input looks like Base64 — attempting decode…
15:32:46    ✔  Base64 → 6,075 bytes
15:32:46  🔍  Magic bytes: ZSTD stream detected
15:32:46    ⚙  Trying zstd decompression…
15:32:46    ✔  [zstd] Success → 69,479 bytes
15:32:46    🎯  Type: JSON — pretty-printing (with nested expansion)…
15:32:46  ✅  Decode pipeline complete.
15:59:07  ──────────────────────────────────────────────────────────
15:59:07  ▶  Starting encode  (algorithm: ZLIB)
15:59:07    ✔  Valid JSON — minified to 734 chars
15:59:07    ✔  Raw bytes: 734
15:59:07    ✔  Compressed (zlib): 387 bytes
15:59:08    ✔  Base64 encoded: 516 chars
15:59:08    📊  Compression ratio: 52.7% of original
15:59:08  ✅  Encode complete.
15:59:15  📥  Input length: 516 characters
15:59:15  🔍  Input looks like Base64 — attempting decode…
15:59:15    ✔  Base64 → 387 bytes
15:59:15  🔍  Magic bytes: 78da7552616f8230  (unknown)
15:59:15    ⚙  Trying zstd decompression…
15:59:15    ✘  [zstd] error determining content size from frame header
15:59:15    ⚙  Trying gzip decompression…
15:59:15    ✘  [gzip] Not a gzipped file (b'x\xda')
15:59:15    ⚙  Trying zlib decompression…
15:59:15    ✔  [zlib] Success → 734 bytes
15:59:15    🎯  Type: JSON — pretty-printing (with nested expansion)…
15:59:15  ✅  Decode pipeline complete.
16:11:39  📥  Input length: 516 characters
16:11:39  🔍  Input looks like Base64 — attempting decode…
16:11:39    ✔  Base64 → 387 bytes
16:11:39  🔍  Magic bytes: 78da7552616f8230  (unknown)
16:11:39    ⚙  Trying zstd decompression…
16:11:39    ✘  [zstd] error determining content size from frame header
16:11:39    ⚙  Trying gzip decompression…
16:11:39    ✘  [gzip] Not a gzipped file (b'x\xda')
16:11:39    ⚙  Trying zlib decompression…
16:11:39    ✔  [zlib] Success → 734 bytes
16:11:39    🎯  Type: JSON — pretty-printing (with nested expansion)…
16:11:39  ✅  Decode pipeline complete.
16:23:47  ──────────────────────────────────────────────────────────
16:23:47  ▶  Starting encode  (algorithm: ZLIB)
16:23:47    ✔  Valid JSON — minified to 734 chars
16:23:47    🔄  JSON unchanged from original — reusing original encoded string
16:23:47    ✔  Original encoded string: 516 chars
16:23:47  ✅  Encode complete (exact roundtrip).
16:37:26  ----------------------------------------------------------
16:37:26  -> Starting encode (algorithm: ZLIB)
16:37:26    [OK] Valid JSON - minified to 734 chars
16:37:26    [OK] Raw bytes: 734
16:37:26    [OK] Compressed (zlib): 387 bytes
16:37:26    [OK] Base64 encoded: 516 chars
16:37:26    -> Compression ratio: 52.7% of original
16:37:26  -> Encode complete.
16:38:10  -> Input length: 516 characters
16:38:10  >> Input looks like Base64 - attempting decode...
16:38:10    [OK] Base64 -> 387 bytes
16:38:10  >> Magic bytes: 78da7552616f8230 (unknown)
16:38:10    -> Trying zstd decompression...
16:38:10    [ERR] [zstd] error determining content size from frame header
16:38:10    -> Trying gzip decompression...
16:38:10    [ERR] [gzip] Not a gzipped file (b'x\xda')
16:38:10    -> Trying zlib decompression...
16:38:10    [OK] [zlib] Success -> 734 bytes
16:38:10    -> Type: JSON - pretty-printing (with nested expansion)...
16:38:10  -> Decode pipeline complete.
